3240: 00:12:41.581 - ---
3240: 00:12:41.582 - Service: "Photon Socket Server" starting
3240: 00:12:41.582 - Config File: C:\Users\Administrator\Documents\Photon-OnPremise-Server-SDK_v4-0-29-11263\deploy\bin_Win64\PhotonServer.config
3240: 00:12:41.583 - Will produce at most: 10 crash dumps
3240: 00:12:41.584 - Service shutting down
3240: 00:12:41.586 - Service shut down complete
19660: 00:41:08.020 - ---
19660: 00:41:08.020 - Service: "Photon Socket Server" starting
19660: 00:41:08.020 - Config File: C:\Users\Administrator\Documents\Photon-OnPremise-Server-SDK_v4-0-29-11263\deploy\bin_Win64\PhotonServer.config
19660: 00:41:08.021 - Will produce at most: 10 crash dumps
19660: 00:41:08.021 - Service shutting down
19660: 00:41:08.024 - Service shut down complete
11616: 01:10:44.872 - ---
11616: 01:10:44.872 - Service: "Photon Socket Server" starting
11616: 01:10:44.873 - Config File: C:\Users\Administrator\Documents\Photon-OnPremise-Server-SDK_v4-0-29-11263\deploy\bin_Win64\PhotonServer.config
11616: 01:10:44.876 - Will produce at most: 10 crash dumps
11616: 01:10:44.876 - Service shutting down
11616: 01:10:44.881 - Service shut down complete
12400: 01:12:42.627 - ---
12400: 01:12:42.627 - Service: "Photon Socket Server" starting
12400: 01:12:42.627 - Config File: C:\Users\Administrator\Documents\Photon-OnPremise-Server-SDK_v4-0-29-11263\deploy\bin_Win64\PhotonServer.config
12400: 01:12:42.629 - Will produce at most: 10 crash dumps
12400: 01:12:42.629 - Service shutting down
12400: 01:12:42.632 - Service shut down complete
2848: 03:28:56.342 - ---
2848: 03:28:56.342 - Service: "Photon Socket Server" starting
2848: 03:28:56.343 - Config File: C:\Users\Administrator\Documents\Photon-OnPremise-Server-SDK_v4-0-29-11263\deploy\bin_Win64\PhotonServer.config
2848: 03:28:56.345 - Will produce at most: 10 crash dumps
2848: 03:28:56.345 - Service shutting down
2848: 03:28:56.350 - Service shut down complete
6212: 03:33:40.121 - ---
6212: 03:33:40.121 - Service: "Photon Socket Server" starting
6212: 03:33:40.121 - Config File: C:\Users\Administrator\Documents\Photon-OnPremise-Server-SDK_v4-0-29-11263\deploy\bin_Win64\PhotonServer.config
6212: 03:33:40.124 - Will produce at most: 10 crash dumps
6212: 03:33:40.125 - Service shutting down
6212: 03:33:40.127 - Service shut down complete
10660: 04:33:16.140 - ---
10660: 04:33:16.140 - Service: "Photon Socket Server" starting
10660: 04:33:16.140 - Config File: C:\Users\Administrator\Documents\Photon-OnPremise-Server-SDK_v4-0-29-11263\deploy\bin_Win64\PhotonServer.config
10660: 04:33:16.145 - Will produce at most: 10 crash dumps
10660: 04:33:16.145 - Service shutting down
10660: 04:33:16.151 - Service shut down complete
