27656: 19:20:31.524 - ---
27656: 19:20:31.524 - Service: "Photon Socket Server" starting
27656: 19:20:31.524 - Config File: D:\Program Files (x86)\photon\Photon-OnPremise-Server-SDK_v4-0-29-11263\deploy\bin_Win64\PhotonServer.config
27656: 19:20:31.526 - Will produce at most: 10 crash dumps
27656: 19:20:31.526 - Action: run as exe
27656: 19:20:31.527 - Server Starting...
27656: 19:20:31.527 -    Tick count: 29218484 (wraps in: 49.3721 days)
27656: 19:20:31.527 - Tick count 64: 29218484
27656: 19:20:31.527 - Photon Version: 4.0.28.2962
27656: 19:20:31.527 - PID: 28504
27656: 19:20:31.527 - Config File: D:\Program Files (x86)\photon\Photon-OnPremise-Server-SDK_v4-0-29-11263\deploy\bin_Win64\PhotonServer.config
27656: 19:20:31.528 - Will NOT log unimportant exceptions
27656: 19:20:31.530 - Not using performance counters as they are not currently installed. Run the service with /InstallCounters to install them.
27656: 19:20:31.530 - Shutdown timeout enabled: 30000ms
27656: 19:20:31.530 - Starting I/O thread pool with 2 threads
27656: 19:20:31.530 - Using Standard allocator
27656: 19:20:31.530 - Max message size: 512000
27656: 19:20:31.530 - Starting business logic thread pool with the following settings
27656: 19:20:31.530 - InitialThreads: 4 threads
27656: 19:20:31.530 - MinThreads: 4 threads
27656: 19:20:31.530 - Thread pool is fixed size
27656: 19:20:31.531 - Starting ENet thread pool with the following settings
27656: 19:20:31.531 - InitialThreads: 2 threads
27656: 19:20:31.531 - MinThreads: 2 threads
27656: 19:20:31.531 - Thread pool is fixed size
27656: 19:20:31.531 - OnlyDispatchTimers: False
27656: 19:20:31.531 - S2S: flow control: Max pending writes: 50
27656: 19:20:31.531 - S2S: flow control: Max queued buffers: 200
27656: 19:20:31.531 - S2S: flow control: Max pending writes MUX: 500
27656: 19:20:31.531 - S2S: flow control: Max queued buffers MUX: 2000
27656: 19:20:31.531 - S2S: MaxInboundMessageSize: 512000
27656: 19:20:31.531 - S2S: MaxOutboundMessageSize: 512000
27656: 19:20:31.531 - S2S: No inactivity timeout
27656: 19:20:31.538 - Cannot enable FILE_SKIP_COMPLETION_PORT_ON_SUCCESS as "ierd_tgp_lsp64 over [MSAFD Tcpip [TCP/IP]]" does not support XP1_IFS_HANDLES. ServiceFlags1 = 0x66
27656: 19:20:31.538 - Cannot enable FILE_SKIP_COMPLETION_PORT_ON_SUCCESS as "ierd_tgp_lsp64 over [MSAFD Tcpip [TCP/IP]]" does not support XP1_IFS_HANDLES. ServiceFlags1 = 0x66
27656: 19:20:31.538 - WebSocket S2S: MaxInboundMessageSize: 512000
27656: 19:20:31.538 - WebSocket S2S: MaxOutboundMessageSize: 512000
27656: 19:20:31.538 - WebSocket S2S: No inactivity timeout
27656: 19:20:31.538 - Cannot enable FILE_SKIP_COMPLETION_PORT_ON_SUCCESS as "ierd_tgp_lsp64 over [MSAFD Tcpip [TCP/IP]]" does not support XP1_IFS_HANDLES. ServiceFlags1 = 0x66
27656: 19:20:31.538 - Max Reliable Data In Transit (awaiting ACKs) per peer : 51200 bytes
27656: 19:20:31.538 - Per peer bandwidth limit
27656: 19:20:31.538 - Transmit Rate Limit: 256 KB/Sec
27656: 19:20:31.538 - Limit period: 200ms
27656: 19:20:31.538 - Limit per period: 52428 bytes
27656: 19:20:31.538 - Max queued data for transmission per peer: 512000 bytes
27656: 19:20:31.538 - Minimum retransmit timeout: 200
27656: 19:20:31.538 - No Maximum retransmit timeout
27656: 19:20:31.538 - Minimum ENet timeout: 5000ms
27656: 19:20:31.538 - Maximum ENet timeout: 30000ms
27656: 19:20:31.538 - Max Inbound Reliable Data Queued (awaiting resends of earlier sequence numbers) per peer : 163840 bytes
27656: 19:20:31.538 - No RTT ACK adjustment timeout
27656: 19:20:31.538 - Outbound ENet: MaxInboundMessageSize: 512000
27656: 19:20:31.538 - Outbound ENet: MaxOutboundMessageSize: 512000
27656: 19:20:31.538 - Cannot enable FILE_SKIP_COMPLETION_PORT_ON_SUCCESS as "ierd_tgp_lsp64 over [MSAFD Tcpip [TCP/IP]]" does not support XP1_IFS_HANDLES. ServiceFlags1 = 0x66
27656: 19:20:31.577 - GetRuntime - About to load CLR - versions available:
27656: 19:20:31.577 - v2.0.50727
27656: 19:20:31.577 - v4.0.30319
27656: 19:20:31.577 - Configuration requests: "v2.0.50727"
27656: 19:20:31.577 - About to load version: "v2.0.50727"
27656: 19:20:31.605 - About to load runtime: PhotonHostRuntime.PhotonDomainManager from PhotonHostRuntime, Culture=neutral, PublicKeyToken=02C301B61B060C4D
27656: 19:20:31.605 - CLRBaseDirectory set to "D:\Program Files (x86)\photon\Photon-OnPremise-Server-SDK_v4-0-29-11263\deploy"
27656: 19:20:31.605 - Optimising event broadcast for 20 or more peers
27656: 19:20:31.606 - Start: About to load CLR - versions available:
27656: 19:20:31.606 - v2.0.50727
27656: 19:20:31.606 - v4.0.30319
27656: 19:20:31.606 - No preference in configuration file, will load latest.
27656: 19:20:31.606 - About to load version: "v4.0.30319"
27656: 19:20:31.608 - Loaded version: "v4.0.30319"
27656: 19:20:31.863 - Photon host runtime loaded
27656: 19:20:35.167 - License is valid.
27656: 19:20:35.167 - Licensed for 100 concurrent connections.
27656: 19:20:35.167 - ENet: Max Reliable Data In Transit (awaiting ACKs) per peer : 51200 bytes
27656: 19:20:35.167 - ENet: Per peer bandwidth limit
27656: 19:20:35.167 - ENet: Transmit Rate Limit: 256 KB/Sec
27656: 19:20:35.167 - ENet: Limit period: 200ms
27656: 19:20:35.167 - ENet: Limit per period: 52428 bytes
27656: 19:20:35.167 - ENet: Max queued data for transmission per peer: 512000 bytes
27656: 19:20:35.167 - ENet: Minimum retransmit timeout: 200
27656: 19:20:35.167 - No Maximum retransmit timeout
27656: 19:20:35.167 - ENet: Minimum timeout: 5000ms
27656: 19:20:35.167 - ENet: Maximum timeout: 30000ms
27656: 19:20:35.167 - ENet: Max Inbound Reliable Data Queued (awaiting resends of earlier sequence numbers) per peer : 163840 bytes
27656: 19:20:35.167 - No RTT ACK adjustment timeout
27656: 19:20:35.167 - About to load application: MMoDemo from Photon.MmoDemo.Server
27656: 19:20:35.167 - Auto restart is enabled for application, existing connections will be terminated during restart
27656: 19:20:35.167 - Application will restart 1000ms after the last change detected
27656: 19:20:35.167 - Application will restart if files matching the following are changed: "dll;config"
27656: 19:20:35.167 - Application will NOT restart if files matching the following are changed: "log4net.config"
27656: 19:20:35.327 - Taking reference on default app domain
27656: 19:20:35.465 - Application: "MMoDemo" started in app domain: 2
27656: 19:20:35.465 - About to load application: CounterPublisher from CounterPublisher
27656: 19:20:35.465 - Auto restart is enabled for application, existing connections will be terminated during restart
27656: 19:20:35.465 - Application will restart 1000ms after the last change detected
27656: 19:20:35.465 - Application will restart if files matching the following are changed: "dll;config"
27656: 19:20:35.465 - Application will NOT restart if files matching the following are changed: "log4net.config"
27656: 19:20:35.592 - Taking reference on default app domain
27656: 19:20:35.708 - Application: "CounterPublisher" started in app domain: 3
27656: 19:20:35.709 - Adding TCP listener on: 0.0.0.0: 4530 with a listen backlog of: 150
27656: 19:20:35.709 - TCP inactivity timeout: 10000ms
27656: 19:20:35.709 - TCP disconnect timeout: 120000ms
27656: 19:20:35.709 - MaxInboundMessageSize: 512000
27656: 19:20:35.709 - MaxOutboundMessageSize: 512000
27656: 19:20:35.709 - Forcing all applications ids to: "MMoDemo"
27656: 19:20:35.709 - Serving policy file requests from: "D:\Program Files (x86)\photon\Photon-OnPremise-Server-SDK_v4-0-29-11263\deploy\Policy\assets\socket-policy.xml"
27656: 19:20:35.709 - Cannot enable FILE_SKIP_COMPLETION_PORT_ON_SUCCESS as "ierd_tgp_lsp64 over [MSAFD Tcpip [TCP/IP]]" does not support XP1_IFS_HANDLES. ServiceFlags1 = 0x66
27656: 19:20:35.709 - Forcing all applications ids to: "MMoDemo"
27656: 19:20:35.709 - MaxInboundMessageSize: 512000
27656: 19:20:35.709 - MaxOutboundMessageSize: 512000
27656: 19:20:35.709 - UDP address specified as: "0.0.0.0" adding listener to each available IPv4 address
27656: 19:20:35.711 - Adding UDP listener on: 192.168.31.156: 5055 with a listen backlog of: 500
27656: 19:20:35.711 - Cannot enable FILE_SKIP_COMPLETION_PORT_ON_SUCCESS as "ierd_tgp_lsp64 over [MSAFD Tcpip [TCP/IP]]" does not support XP1_IFS_HANDLES. ServiceFlags1 = 0x66
27656: 19:20:35.711 - Adding UDP listener on: 127.0.0.1: 5055 with a listen backlog of: 500
27656: 19:20:35.711 - Cannot enable FILE_SKIP_COMPLETION_PORT_ON_SUCCESS as "ierd_tgp_lsp64 over [MSAFD Tcpip [TCP/IP]]" does not support XP1_IFS_HANDLES. ServiceFlags1 = 0x66
27656: 19:20:35.711 - Adding WebSocket TCP listener on: 0.0.0.0: 9090 with a listen backlog of: 150
27656: 19:20:35.711 - Nagle disabled
27656: 19:20:35.711 - TCP inactivity timeout: 10000ms
27656: 19:20:35.711 - MaxInboundMessageSize: 512000
27656: 19:20:35.711 - MaxOutboundMessageSize: 512000
27656: 19:20:35.711 - Forcing all applications ids to: "MMoDemo"
27656: 19:20:35.711 - Will accept ANY sub-protocols from the client
27656: 19:20:35.711 - No automatic WebSocket ping
27656: 19:20:35.711 - Cannot enable FILE_SKIP_COMPLETION_PORT_ON_SUCCESS as "ierd_tgp_lsp64 over [MSAFD Tcpip [TCP/IP]]" does not support XP1_IFS_HANDLES. ServiceFlags1 = 0x66
27656: 19:20:35.711 - Adding Policy File listener on: 0.0.0.0: 843 with a listen backlog of: 150 and serving Policy File: "D:\Program Files (x86)\photon\Photon-OnPremise-Server-SDK_v4-0-29-11263\deploy\Policy\assets\socket-policy.xml"
27656: 19:20:35.711 - TCP inactivity timeout: 10000ms
27656: 19:20:35.711 - Cannot enable FILE_SKIP_COMPLETION_PORT_ON_SUCCESS as "ierd_tgp_lsp64 over [MSAFD Tcpip [TCP/IP]]" does not support XP1_IFS_HANDLES. ServiceFlags1 = 0x66
27656: 19:20:35.711 - Adding Policy File listener on: 0.0.0.0: 943 with a listen backlog of: 150 and serving Policy File: "D:\Program Files (x86)\photon\Photon-OnPremise-Server-SDK_v4-0-29-11263\deploy\Policy\assets\socket-policy-silverlight.xml"
27656: 19:20:35.711 - TCP inactivity timeout: 10000ms
27656: 19:20:35.711 - Cannot enable FILE_SKIP_COMPLETION_PORT_ON_SUCCESS as "ierd_tgp_lsp64 over [MSAFD Tcpip [TCP/IP]]" does not support XP1_IFS_HANDLES. ServiceFlags1 = 0x66
27656: 19:20:36.157 - Service is running...
27656: 22:53:27.744 - Service is stopped...
27656: 22:53:27.744 - Server shutting down...
27656: 22:53:27.744 - Shutdown monitoring enabled, 30000ms before process abort
27656: 22:53:27.744 - Notifying CLR applications of shutdown...
27656: 22:53:27.744 - RequestApplicationStop: 3
27656: 22:53:27.749 - RequestApplicationStop: 2
27656: 22:53:27.751 - RequestStop: defalt app domain
27656: 22:53:27.752 - Shutting down WebSocket Outbound Connection Manager...
27656: 22:53:27.752 - Shutting down TCP Outbound Connection Manager...
27656: 22:53:27.752 - Shutting down ENet Outbound Connection Manager...
27656: 22:53:27.752 - Disconnecting all outbound peers...
27656: 22:53:27.752 - Shutting down ENet host...
27656: 22:53:27.752 - Disconnecting all peers...
27656: 22:53:27.752 - Shutting down socket servers...
27656: 22:53:27.752 - Shutting down ENet thread pool...
27656: 22:53:27.752 - Shutting down TCP inactivity timers...
27656: 22:53:27.753 - WaitingForShutdownToComplete: NativePolicy:0.0.0.0:843
27656: 22:53:27.753 - OnShutdownCompleted: NativePolicy:0.0.0.0:843
27656: 22:53:27.753 - WaitingForShutdownToComplete: NativePolicy:0.0.0.0:943
27656: 22:53:27.753 - OnShutdownCompleted: NativePolicy:0.0.0.0:943
27656: 22:53:27.753 - WaitingForShutdownToComplete: TCP:0.0.0.0:4530
27656: 22:53:27.753 - OnShutdownCompleted: TCP:0.0.0.0:4530
27656: 22:53:27.753 - WaitingForShutdownToComplete: UDP:127.0.0.1:5055
27656: 22:53:27.753 - OnShutdownCompleted: UDP:127.0.0.1:5055
27656: 22:53:27.753 - WaitingForShutdownToComplete: UDP:192.168.31.156:5055
27656: 22:53:27.753 - OnShutdownCompleted: UDP:192.168.31.156:5055
27656: 22:53:27.753 - WaitingForShutdownToComplete: WebSocket:0.0.0.0:9090
27656: 22:53:27.753 - OnShutdownCompleted: WebSocket:0.0.0.0:9090
27656: 22:53:27.753 - Shutting down CLR applications...
19840: 22:53:27.754 - CManagedHost::OnDefaultAction() - OPR_AppDomainUnload - eUnloadAppDomain
27656: 22:53:27.756 - Shutting down business logic thread pool...
27656: 22:53:27.756 - Shutting down I/O thread pool...
27656: 22:53:27.756 - Destroying servers
27656: 22:53:27.756 - Destroying WebSocket Outbound Connection Manager
27656: 22:53:27.756 - Destroying TCP Outbound Connection Manager
27656: 22:53:27.756 - Destroying TCP inactivity timer
27656: 22:53:27.756 - Destroying ENet timer wheel
27656: 22:53:27.756 - Destroying ENet host
27656: 22:53:27.756 - Destroying ENet outbound host
27656: 22:53:27.756 - Destroying HTTP inactivity timer
27656: 22:53:27.756 - Destroying HTTP host
27656: 22:53:27.756 - Destroying HTTP Chunk host
27656: 22:53:27.756 - Flushing ENET buffer allocator...
27656: 22:53:27.757 - Flushing TCP buffer handle allocator...
27656: 22:53:27.757 - Flushing stream socket allocator...
27656: 22:53:27.758 - Flushing inbound datagram socket allocator...
27656: 22:53:27.759 - Flushing outbound datagram socket allocator...
27656: 22:53:27.759 - Destroying CLR dispatcher
27656: 22:53:27.759 - Destroying CLR applications
27656: 22:53:27.760 - ~CCLRApplicationCollection() - Waiting up to 10 seconds for the CLR to release all of our objects
6324: 22:53:27.768 - Unloading Domain: ApplicationName = 'CounterPublisher', DomainId='3'
19840: 22:53:27.768 - CManagedHost::OnDomainUnload() - 3
19840: 22:53:27.780 - CManagedHost::OnDefaultAction() - OPR_AppDomainUnload - eUnloadAppDomain
6324: 22:53:27.787 - Unloading Domain: ApplicationName = 'MMoDemo', DomainId='2'
19840: 22:53:27.787 - CManagedHost::OnDomainUnload() - 2
27656: 22:53:27.793 - ~CCLRApplicationCollection() - Done. All objects released
27656: 22:53:27.793 - ~CManagedHost() - Release default app domain
27656: 22:53:27.793 - CManagedHost::OnDomainUnload() - 1
27656: 22:53:27.793 - ~CManagedHost() - Waiting up to 10 seconds for CLR shutdown...
27656: 22:53:27.793 - ~CManagedHost
27656: 22:53:27.793 - Destroying ENet thread pool
27656: 22:53:27.793 - Destroying Business logic thread pool
27656: 22:53:27.793 - Destroying I/O thread pool
27656: 22:53:27.793 - Destroying ENet buffer allocator
27656: 22:53:27.793 - Destroying TCP buffer allocator
27656: 22:53:27.793 - Destroying TCP socket allocator
27656: 22:53:27.793 - Destroying ENet inbound socket allocator
27656: 22:53:27.793 - Destroying ENet outbound socket allocator
27656: 22:53:27.793 - Destroying shared datagram flow control data
27656: 22:53:27.793 - Shutdown complete...
27656: 22:53:27.793 - Service shutting down
27656: 22:53:27.796 - Service shut down complete
