8760: 18:56:12.785 - ---
8760: 18:56:12.785 - Service: "Photon Socket Server" starting
8760: 18:56:12.785 - Config File: D:\Program Files (x86)\photon\Photon-OnPremise-Server-SDK_v4-0-29-11263\deploy\bin_Win64\PhotonServer.config
8760: 18:56:12.787 - Will produce at most: 10 crash dumps
8760: 18:56:12.787 - Action: run as exe
8760: 18:56:12.787 - Server Starting...
8760: 18:56:12.787 -    Tick count: 18205750 (wraps in: 49.4996 days)
8760: 18:56:12.787 - Tick count 64: 18205750
8760: 18:56:12.787 - Photon Version: 4.0.28.2962
8760: 18:56:12.787 - PID: 13328
8760: 18:56:12.788 - Config File: D:\Program Files (x86)\photon\Photon-OnPremise-Server-SDK_v4-0-29-11263\deploy\bin_Win64\PhotonServer.config
8760: 18:56:12.788 - Will NOT log unimportant exceptions
8760: 18:56:12.790 - Not using performance counters as they are not currently installed. Run the service with /InstallCounters to install them.
8760: 18:56:12.791 - Shutdown timeout enabled: 30000ms
8760: 18:56:12.791 - Starting I/O thread pool with 2 threads
8760: 18:56:12.791 - Using Standard allocator
8760: 18:56:12.791 - Max message size: 512000
8760: 18:56:12.791 - Starting business logic thread pool with the following settings
8760: 18:56:12.791 - InitialThreads: 4 threads
8760: 18:56:12.791 - MinThreads: 4 threads
8760: 18:56:12.791 - Thread pool is fixed size
8760: 18:56:12.791 - Starting ENet thread pool with the following settings
8760: 18:56:12.791 - InitialThreads: 2 threads
8760: 18:56:12.791 - MinThreads: 2 threads
8760: 18:56:12.791 - Thread pool is fixed size
8760: 18:56:12.791 - OnlyDispatchTimers: False
8760: 18:56:12.791 - S2S: flow control: Max pending writes: 50
8760: 18:56:12.791 - S2S: flow control: Max queued buffers: 200
8760: 18:56:12.791 - S2S: flow control: Max pending writes MUX: 500
8760: 18:56:12.791 - S2S: flow control: Max queued buffers MUX: 2000
8760: 18:56:12.791 - S2S: MaxInboundMessageSize: 512000
8760: 18:56:12.791 - S2S: MaxOutboundMessageSize: 512000
8760: 18:56:12.791 - S2S: No inactivity timeout
8760: 18:56:12.798 - Cannot enable FILE_SKIP_COMPLETION_PORT_ON_SUCCESS as "ierd_tgp_lsp64 over [MSAFD Tcpip [TCP/IP]]" does not support XP1_IFS_HANDLES. ServiceFlags1 = 0x66
8760: 18:56:12.798 - Cannot enable FILE_SKIP_COMPLETION_PORT_ON_SUCCESS as "ierd_tgp_lsp64 over [MSAFD Tcpip [TCP/IP]]" does not support XP1_IFS_HANDLES. ServiceFlags1 = 0x66
8760: 18:56:12.798 - WebSocket S2S: MaxInboundMessageSize: 512000
8760: 18:56:12.798 - WebSocket S2S: MaxOutboundMessageSize: 512000
8760: 18:56:12.798 - WebSocket S2S: No inactivity timeout
8760: 18:56:12.798 - Cannot enable FILE_SKIP_COMPLETION_PORT_ON_SUCCESS as "ierd_tgp_lsp64 over [MSAFD Tcpip [TCP/IP]]" does not support XP1_IFS_HANDLES. ServiceFlags1 = 0x66
8760: 18:56:12.798 - Max Reliable Data In Transit (awaiting ACKs) per peer : 51200 bytes
8760: 18:56:12.798 - Per peer bandwidth limit
8760: 18:56:12.798 - Transmit Rate Limit: 256 KB/Sec
8760: 18:56:12.798 - Limit period: 200ms
8760: 18:56:12.798 - Limit per period: 52428 bytes
8760: 18:56:12.798 - Max queued data for transmission per peer: 512000 bytes
8760: 18:56:12.798 - Minimum retransmit timeout: 200
8760: 18:56:12.798 - No Maximum retransmit timeout
8760: 18:56:12.798 - Minimum ENet timeout: 5000ms
8760: 18:56:12.798 - Maximum ENet timeout: 30000ms
8760: 18:56:12.798 - Max Inbound Reliable Data Queued (awaiting resends of earlier sequence numbers) per peer : 163840 bytes
8760: 18:56:12.798 - No RTT ACK adjustment timeout
8760: 18:56:12.798 - Outbound ENet: MaxInboundMessageSize: 512000
8760: 18:56:12.798 - Outbound ENet: MaxOutboundMessageSize: 512000
8760: 18:56:12.798 - Cannot enable FILE_SKIP_COMPLETION_PORT_ON_SUCCESS as "ierd_tgp_lsp64 over [MSAFD Tcpip [TCP/IP]]" does not support XP1_IFS_HANDLES. ServiceFlags1 = 0x66
8760: 18:56:12.800 - GetRuntime - About to load CLR - versions available:
8760: 18:56:12.800 - v2.0.50727
8760: 18:56:12.800 - v4.0.30319
8760: 18:56:12.800 - Configuration requests: "v2.0.50727"
8760: 18:56:12.800 - About to load version: "v2.0.50727"
8760: 18:56:12.807 - About to load runtime: PhotonHostRuntime.PhotonDomainManager from PhotonHostRuntime, Culture=neutral, PublicKeyToken=02C301B61B060C4D
8760: 18:56:12.807 - CLRBaseDirectory set to "D:\Program Files (x86)\photon\Photon-OnPremise-Server-SDK_v4-0-29-11263\deploy"
8760: 18:56:12.807 - Optimising event broadcast for 20 or more peers
8760: 18:56:12.808 - Start: About to load CLR - versions available:
8760: 18:56:12.808 - v2.0.50727
8760: 18:56:12.808 - v4.0.30319
8760: 18:56:12.808 - No preference in configuration file, will load latest.
8760: 18:56:12.808 - About to load version: "v4.0.30319"
8760: 18:56:12.809 - Loaded version: "v4.0.30319"
8760: 18:56:12.985 - Photon host runtime loaded
8760: 18:56:16.058 - License is valid.
8760: 18:56:16.058 - Licensed for 100 concurrent connections.
8760: 18:56:16.058 - ENet: Max Reliable Data In Transit (awaiting ACKs) per peer : 51200 bytes
8760: 18:56:16.058 - ENet: Per peer bandwidth limit
8760: 18:56:16.058 - ENet: Transmit Rate Limit: 256 KB/Sec
8760: 18:56:16.058 - ENet: Limit period: 200ms
8760: 18:56:16.058 - ENet: Limit per period: 52428 bytes
8760: 18:56:16.058 - ENet: Max queued data for transmission per peer: 512000 bytes
8760: 18:56:16.058 - ENet: Minimum retransmit timeout: 200
8760: 18:56:16.059 - No Maximum retransmit timeout
8760: 18:56:16.059 - ENet: Minimum timeout: 5000ms
8760: 18:56:16.059 - ENet: Maximum timeout: 30000ms
8760: 18:56:16.059 - ENet: Max Inbound Reliable Data Queued (awaiting resends of earlier sequence numbers) per peer : 163840 bytes
8760: 18:56:16.059 - No RTT ACK adjustment timeout
8760: 18:56:16.059 - About to load application: MMoDemo from Photon.MmoDemo.Server
8760: 18:56:16.059 - Auto restart is enabled for application, existing connections will be terminated during restart
8760: 18:56:16.059 - Application will restart 1000ms after the last change detected
8760: 18:56:16.059 - Application will restart if files matching the following are changed: "dll;config"
8760: 18:56:16.059 - Application will NOT restart if files matching the following are changed: "log4net.config"
8760: 18:56:16.077 - CService::OnException() - Exception: CManagedHost::CreateApplicationInNewAppDomain() - Failed to create new application domain for : "MMoDemo" - Can't find Photon.MmoDemo.Server.dll in  or D:\Program Files (x86)\photon\Photon-OnPremise-Server-SDK_v4-0-29-11263\deploy\MmoDemo\bin
8760: 18:56:16.077 - Server shutting down...
8760: 18:56:16.077 - Shutdown monitoring enabled, 30000ms before process abort
8760: 18:56:16.077 - Notifying CLR applications of shutdown...
8760: 18:56:16.077 - RequestStop: defalt app domain
8760: 18:56:16.078 - Shutting down WebSocket Outbound Connection Manager...
8760: 18:56:16.079 - Shutting down TCP Outbound Connection Manager...
8760: 18:56:16.079 - Shutting down ENet Outbound Connection Manager...
8760: 18:56:16.079 - Disconnecting all outbound peers...
8760: 18:56:16.079 - Shutting down ENet host...
8760: 18:56:16.079 - Disconnecting all peers...
8760: 18:56:16.079 - Shutting down socket servers...
8760: 18:56:16.079 - Shutting down ENet thread pool...
8760: 18:56:16.079 - Shutting down TCP inactivity timers...
8760: 18:56:16.079 - Shutting down CLR applications...
8760: 18:56:16.079 - Shutting down business logic thread pool...
8760: 18:56:16.079 - Shutting down I/O thread pool...
8760: 18:56:16.079 - Destroying servers
8760: 18:56:16.079 - Destroying WebSocket Outbound Connection Manager
8760: 18:56:16.079 - Destroying TCP Outbound Connection Manager
8760: 18:56:16.079 - Destroying TCP inactivity timer
8760: 18:56:16.079 - Destroying ENet timer wheel
8760: 18:56:16.079 - Destroying ENet host
8760: 18:56:16.079 - Destroying ENet outbound host
8760: 18:56:16.079 - Destroying HTTP inactivity timer
8760: 18:56:16.079 - Destroying HTTP host
8760: 18:56:16.079 - Destroying HTTP Chunk host
8760: 18:56:16.079 - Flushing ENET buffer allocator...
8760: 18:56:16.079 - Flushing TCP buffer handle allocator...
8760: 18:56:16.079 - Flushing stream socket allocator...
8760: 18:56:16.079 - Flushing inbound datagram socket allocator...
8760: 18:56:16.079 - Flushing outbound datagram socket allocator...
8760: 18:56:16.080 - Destroying CLR dispatcher
8760: 18:56:16.080 - Destroying CLR applications
8760: 18:56:16.080 - ~CCLRApplicationCollection() - Waiting up to 10 seconds for the CLR to release all of our objects
8760: 18:56:16.080 - ~CCLRApplicationCollection() - Done. All objects released
8760: 18:56:16.080 - ~CManagedHost() - Release default app domain
8760: 18:56:16.080 - CManagedHost::OnDomainUnload() - 1
8760: 18:56:16.080 - ~CManagedHost() - Waiting up to 10 seconds for CLR shutdown...
8760: 18:56:16.080 - ~CManagedHost
8760: 18:56:16.080 - Destroying ENet thread pool
8760: 18:56:16.080 - Destroying Business logic thread pool
8760: 18:56:16.080 - Destroying I/O thread pool
8760: 18:56:16.080 - Destroying ENet buffer allocator
8760: 18:56:16.080 - Destroying TCP buffer allocator
8760: 18:56:16.080 - Destroying TCP socket allocator
8760: 18:56:16.080 - Destroying ENet inbound socket allocator
8760: 18:56:16.080 - Destroying ENet outbound socket allocator
8760: 18:56:16.080 - Destroying shared datagram flow control data
8760: 18:56:16.080 - Shutdown complete...
8760: 18:56:16.080 - Service shutting down
8760: 18:56:16.083 - Service shut down complete
27676: 19:01:57.136 - ---
27676: 19:01:57.136 - Service: "Photon Socket Server" starting
27676: 19:01:57.136 - Config File: D:\Program Files (x86)\photon\Photon-OnPremise-Server-SDK_v4-0-29-11263\deploy\bin_Win64\PhotonServer.config
27676: 19:01:57.138 - Will produce at most: 10 crash dumps
27676: 19:01:57.138 - Action: run as exe
27676: 19:01:57.138 - Server Starting...
27676: 19:01:57.138 -    Tick count: 18550093 (wraps in: 49.4956 days)
27676: 19:01:57.138 - Tick count 64: 18550093
27676: 19:01:57.138 - Photon Version: 4.0.28.2962
27676: 19:01:57.138 - PID: 27652
27676: 19:01:57.138 - Config File: D:\Program Files (x86)\photon\Photon-OnPremise-Server-SDK_v4-0-29-11263\deploy\bin_Win64\PhotonServer.config
27676: 19:01:57.139 - Will NOT log unimportant exceptions
27676: 19:01:57.141 - Not using performance counters as they are not currently installed. Run the service with /InstallCounters to install them.
27676: 19:01:57.141 - Shutdown timeout enabled: 30000ms
27676: 19:01:57.141 - Starting I/O thread pool with 2 threads
27676: 19:01:57.141 - Using Standard allocator
27676: 19:01:57.141 - Max message size: 512000
27676: 19:01:57.141 - Starting business logic thread pool with the following settings
27676: 19:01:57.141 - InitialThreads: 4 threads
27676: 19:01:57.141 - MinThreads: 4 threads
27676: 19:01:57.141 - Thread pool is fixed size
27676: 19:01:57.141 - Starting ENet thread pool with the following settings
27676: 19:01:57.141 - InitialThreads: 2 threads
27676: 19:01:57.141 - MinThreads: 2 threads
27676: 19:01:57.141 - Thread pool is fixed size
27676: 19:01:57.141 - OnlyDispatchTimers: False
27676: 19:01:57.141 - S2S: flow control: Max pending writes: 50
27676: 19:01:57.141 - S2S: flow control: Max queued buffers: 200
27676: 19:01:57.141 - S2S: flow control: Max pending writes MUX: 500
27676: 19:01:57.141 - S2S: flow control: Max queued buffers MUX: 2000
27676: 19:01:57.142 - S2S: MaxInboundMessageSize: 512000
27676: 19:01:57.142 - S2S: MaxOutboundMessageSize: 512000
27676: 19:01:57.142 - S2S: No inactivity timeout
27676: 19:01:57.148 - Cannot enable FILE_SKIP_COMPLETION_PORT_ON_SUCCESS as "ierd_tgp_lsp64 over [MSAFD Tcpip [TCP/IP]]" does not support XP1_IFS_HANDLES. ServiceFlags1 = 0x66
27676: 19:01:57.148 - Cannot enable FILE_SKIP_COMPLETION_PORT_ON_SUCCESS as "ierd_tgp_lsp64 over [MSAFD Tcpip [TCP/IP]]" does not support XP1_IFS_HANDLES. ServiceFlags1 = 0x66
27676: 19:01:57.148 - WebSocket S2S: MaxInboundMessageSize: 512000
27676: 19:01:57.148 - WebSocket S2S: MaxOutboundMessageSize: 512000
27676: 19:01:57.148 - WebSocket S2S: No inactivity timeout
27676: 19:01:57.148 - Cannot enable FILE_SKIP_COMPLETION_PORT_ON_SUCCESS as "ierd_tgp_lsp64 over [MSAFD Tcpip [TCP/IP]]" does not support XP1_IFS_HANDLES. ServiceFlags1 = 0x66
27676: 19:01:57.148 - Max Reliable Data In Transit (awaiting ACKs) per peer : 51200 bytes
27676: 19:01:57.148 - Per peer bandwidth limit
27676: 19:01:57.148 - Transmit Rate Limit: 256 KB/Sec
27676: 19:01:57.148 - Limit period: 200ms
27676: 19:01:57.148 - Limit per period: 52428 bytes
27676: 19:01:57.148 - Max queued data for transmission per peer: 512000 bytes
27676: 19:01:57.148 - Minimum retransmit timeout: 200
27676: 19:01:57.148 - No Maximum retransmit timeout
27676: 19:01:57.148 - Minimum ENet timeout: 5000ms
27676: 19:01:57.148 - Maximum ENet timeout: 30000ms
27676: 19:01:57.148 - Max Inbound Reliable Data Queued (awaiting resends of earlier sequence numbers) per peer : 163840 bytes
27676: 19:01:57.148 - No RTT ACK adjustment timeout
27676: 19:01:57.148 - Outbound ENet: MaxInboundMessageSize: 512000
27676: 19:01:57.148 - Outbound ENet: MaxOutboundMessageSize: 512000
27676: 19:01:57.148 - Cannot enable FILE_SKIP_COMPLETION_PORT_ON_SUCCESS as "ierd_tgp_lsp64 over [MSAFD Tcpip [TCP/IP]]" does not support XP1_IFS_HANDLES. ServiceFlags1 = 0x66
27676: 19:01:57.150 - GetRuntime - About to load CLR - versions available:
27676: 19:01:57.150 - v2.0.50727
27676: 19:01:57.150 - v4.0.30319
27676: 19:01:57.150 - Configuration requests: "v2.0.50727"
27676: 19:01:57.150 - About to load version: "v2.0.50727"
27676: 19:01:57.156 - About to load runtime: PhotonHostRuntime.PhotonDomainManager from PhotonHostRuntime, Culture=neutral, PublicKeyToken=02C301B61B060C4D
27676: 19:01:57.156 - CLRBaseDirectory set to "D:\Program Files (x86)\photon\Photon-OnPremise-Server-SDK_v4-0-29-11263\deploy"
27676: 19:01:57.156 - Optimising event broadcast for 20 or more peers
27676: 19:01:57.157 - Start: About to load CLR - versions available:
27676: 19:01:57.157 - v2.0.50727
27676: 19:01:57.157 - v4.0.30319
27676: 19:01:57.157 - No preference in configuration file, will load latest.
27676: 19:01:57.157 - About to load version: "v4.0.30319"
27676: 19:01:57.158 - Loaded version: "v4.0.30319"
27676: 19:01:57.363 - Photon host runtime loaded
27676: 19:02:00.438 - License is valid.
27676: 19:02:00.438 - Licensed for 100 concurrent connections.
27676: 19:02:00.438 - ENet: Max Reliable Data In Transit (awaiting ACKs) per peer : 51200 bytes
27676: 19:02:00.438 - ENet: Per peer bandwidth limit
27676: 19:02:00.438 - ENet: Transmit Rate Limit: 256 KB/Sec
27676: 19:02:00.438 - ENet: Limit period: 200ms
27676: 19:02:00.438 - ENet: Limit per period: 52428 bytes
27676: 19:02:00.438 - ENet: Max queued data for transmission per peer: 512000 bytes
27676: 19:02:00.438 - ENet: Minimum retransmit timeout: 200
27676: 19:02:00.438 - No Maximum retransmit timeout
27676: 19:02:00.438 - ENet: Minimum timeout: 5000ms
27676: 19:02:00.438 - ENet: Maximum timeout: 30000ms
27676: 19:02:00.438 - ENet: Max Inbound Reliable Data Queued (awaiting resends of earlier sequence numbers) per peer : 163840 bytes
27676: 19:02:00.438 - No RTT ACK adjustment timeout
27676: 19:02:00.438 - About to load application: MMoDemo from Photon.MmoDemo.Server
27676: 19:02:00.438 - Auto restart is enabled for application, existing connections will be terminated during restart
27676: 19:02:00.438 - Application will restart 1000ms after the last change detected
27676: 19:02:00.438 - Application will restart if files matching the following are changed: "dll;config"
27676: 19:02:00.438 - Application will NOT restart if files matching the following are changed: "log4net.config"
27676: 19:02:00.525 - Taking reference on default app domain
27676: 19:02:00.565 - Application: "MMoDemo" started in app domain: 2
27676: 19:02:00.565 - About to load application: CounterPublisher from CounterPublisher
27676: 19:02:00.565 - Auto restart is enabled for application, existing connections will be terminated during restart
27676: 19:02:00.565 - Application will restart 1000ms after the last change detected
27676: 19:02:00.565 - Application will restart if files matching the following are changed: "dll;config"
27676: 19:02:00.565 - Application will NOT restart if files matching the following are changed: "log4net.config"
27676: 19:02:00.646 - Taking reference on default app domain
27676: 19:02:00.696 - Application: "CounterPublisher" started in app domain: 3
27676: 19:02:00.696 - Adding TCP listener on: 0.0.0.0: 4530 with a listen backlog of: 150
27676: 19:02:00.696 - TCP inactivity timeout: 10000ms
27676: 19:02:00.696 - TCP disconnect timeout: 120000ms
27676: 19:02:00.696 - MaxInboundMessageSize: 512000
27676: 19:02:00.696 - MaxOutboundMessageSize: 512000
27676: 19:02:00.696 - Forcing all applications ids to: "MMoDemo"
27676: 19:02:00.696 - Serving policy file requests from: "D:\Program Files (x86)\photon\Photon-OnPremise-Server-SDK_v4-0-29-11263\deploy\Policy\assets\socket-policy.xml"
27676: 19:02:00.696 - Cannot enable FILE_SKIP_COMPLETION_PORT_ON_SUCCESS as "ierd_tgp_lsp64 over [MSAFD Tcpip [TCP/IP]]" does not support XP1_IFS_HANDLES. ServiceFlags1 = 0x66
27676: 19:02:00.696 - Forcing all applications ids to: "MMoDemo"
27676: 19:02:00.696 - MaxInboundMessageSize: 512000
27676: 19:02:00.696 - MaxOutboundMessageSize: 512000
27676: 19:02:00.696 - UDP address specified as: "0.0.0.0" adding listener to each available IPv4 address
27676: 19:02:00.698 - Adding UDP listener on: 192.168.31.155: 5055 with a listen backlog of: 500
27676: 19:02:00.698 - Cannot enable FILE_SKIP_COMPLETION_PORT_ON_SUCCESS as "ierd_tgp_lsp64 over [MSAFD Tcpip [TCP/IP]]" does not support XP1_IFS_HANDLES. ServiceFlags1 = 0x66
27676: 19:02:00.698 - Adding UDP listener on: 127.0.0.1: 5055 with a listen backlog of: 500
27676: 19:02:00.698 - Cannot enable FILE_SKIP_COMPLETION_PORT_ON_SUCCESS as "ierd_tgp_lsp64 over [MSAFD Tcpip [TCP/IP]]" does not support XP1_IFS_HANDLES. ServiceFlags1 = 0x66
27676: 19:02:00.698 - Adding WebSocket TCP listener on: 0.0.0.0: 9090 with a listen backlog of: 150
27676: 19:02:00.698 - Nagle disabled
27676: 19:02:00.698 - TCP inactivity timeout: 10000ms
27676: 19:02:00.698 - MaxInboundMessageSize: 512000
27676: 19:02:00.698 - MaxOutboundMessageSize: 512000
27676: 19:02:00.698 - Forcing all applications ids to: "MMoDemo"
27676: 19:02:00.698 - Will accept ANY sub-protocols from the client
27676: 19:02:00.698 - No automatic WebSocket ping
27676: 19:02:00.698 - Cannot enable FILE_SKIP_COMPLETION_PORT_ON_SUCCESS as "ierd_tgp_lsp64 over [MSAFD Tcpip [TCP/IP]]" does not support XP1_IFS_HANDLES. ServiceFlags1 = 0x66
27676: 19:02:00.698 - Adding Policy File listener on: 0.0.0.0: 843 with a listen backlog of: 150 and serving Policy File: "D:\Program Files (x86)\photon\Photon-OnPremise-Server-SDK_v4-0-29-11263\deploy\Policy\assets\socket-policy.xml"
27676: 19:02:00.698 - TCP inactivity timeout: 10000ms
27676: 19:02:00.698 - Cannot enable FILE_SKIP_COMPLETION_PORT_ON_SUCCESS as "ierd_tgp_lsp64 over [MSAFD Tcpip [TCP/IP]]" does not support XP1_IFS_HANDLES. ServiceFlags1 = 0x66
27676: 19:02:00.699 - Adding Policy File listener on: 0.0.0.0: 943 with a listen backlog of: 150 and serving Policy File: "D:\Program Files (x86)\photon\Photon-OnPremise-Server-SDK_v4-0-29-11263\deploy\Policy\assets\socket-policy-silverlight.xml"
27676: 19:02:00.699 - TCP inactivity timeout: 10000ms
27676: 19:02:00.699 - Cannot enable FILE_SKIP_COMPLETION_PORT_ON_SUCCESS as "ierd_tgp_lsp64 over [MSAFD Tcpip [TCP/IP]]" does not support XP1_IFS_HANDLES. ServiceFlags1 = 0x66
27676: 19:02:01.139 - Service is running...
27676: 19:02:14.086 - Service is stopped...
27676: 19:02:14.086 - Server shutting down...
27676: 19:02:14.086 - Shutdown monitoring enabled, 30000ms before process abort
27676: 19:02:14.086 - Notifying CLR applications of shutdown...
27676: 19:02:14.086 - RequestApplicationStop: 3
27676: 19:02:14.089 - RequestApplicationStop: 2
27676: 19:02:14.091 - RequestStop: defalt app domain
27676: 19:02:14.092 - Shutting down WebSocket Outbound Connection Manager...
27676: 19:02:14.092 - Shutting down TCP Outbound Connection Manager...
27676: 19:02:14.092 - Shutting down ENet Outbound Connection Manager...
27676: 19:02:14.092 - Disconnecting all outbound peers...
27676: 19:02:14.092 - Shutting down ENet host...
27676: 19:02:14.092 - Disconnecting all peers...
27676: 19:02:14.092 - Shutting down socket servers...
27676: 19:02:14.092 - Shutting down ENet thread pool...
27676: 19:02:14.092 - Shutting down TCP inactivity timers...
27676: 19:02:14.092 - WaitingForShutdownToComplete: NativePolicy:0.0.0.0:843
27676: 19:02:14.092 - OnShutdownCompleted: NativePolicy:0.0.0.0:843
27676: 19:02:14.092 - WaitingForShutdownToComplete: NativePolicy:0.0.0.0:943
27676: 19:02:14.092 - OnShutdownCompleted: NativePolicy:0.0.0.0:943
27676: 19:02:14.092 - WaitingForShutdownToComplete: TCP:0.0.0.0:4530
27676: 19:02:14.092 - OnShutdownCompleted: TCP:0.0.0.0:4530
27676: 19:02:14.092 - WaitingForShutdownToComplete: UDP:127.0.0.1:5055
27676: 19:02:14.092 - OnShutdownCompleted: UDP:127.0.0.1:5055
27676: 19:02:14.092 - WaitingForShutdownToComplete: UDP:192.168.31.155:5055
27676: 19:02:14.092 - OnShutdownCompleted: UDP:192.168.31.155:5055
27676: 19:02:14.092 - WaitingForShutdownToComplete: WebSocket:0.0.0.0:9090
27676: 19:02:14.092 - OnShutdownCompleted: WebSocket:0.0.0.0:9090
27676: 19:02:14.092 - Shutting down CLR applications...
28008: 19:02:14.094 - CManagedHost::OnDefaultAction() - OPR_AppDomainUnload - eUnloadAppDomain
27676: 19:02:14.096 - Shutting down business logic thread pool...
27676: 19:02:14.096 - Shutting down I/O thread pool...
27676: 19:02:14.096 - Destroying servers
27676: 19:02:14.096 - Destroying WebSocket Outbound Connection Manager
27676: 19:02:14.096 - Destroying TCP Outbound Connection Manager
27676: 19:02:14.096 - Destroying TCP inactivity timer
27676: 19:02:14.096 - Destroying ENet timer wheel
27676: 19:02:14.096 - Destroying ENet host
27676: 19:02:14.096 - Destroying ENet outbound host
27676: 19:02:14.096 - Destroying HTTP inactivity timer
27676: 19:02:14.096 - Destroying HTTP host
27676: 19:02:14.096 - Destroying HTTP Chunk host
27676: 19:02:14.096 - Flushing ENET buffer allocator...
27676: 19:02:14.097 - Flushing TCP buffer handle allocator...
27676: 19:02:14.097 - Flushing stream socket allocator...
27676: 19:02:14.099 - Flushing inbound datagram socket allocator...
27676: 19:02:14.099 - Flushing outbound datagram socket allocator...
27676: 19:02:14.099 - Destroying CLR dispatcher
27676: 19:02:14.099 - Destroying CLR applications
27676: 19:02:14.100 - ~CCLRApplicationCollection() - Waiting up to 10 seconds for the CLR to release all of our objects
20180: 19:02:14.109 - Unloading Domain: ApplicationName = 'CounterPublisher', DomainId='3'
28008: 19:02:14.110 - CManagedHost::OnDomainUnload() - 3
28008: 19:02:14.122 - CManagedHost::OnDefaultAction() - OPR_AppDomainUnload - eUnloadAppDomain
20180: 19:02:14.129 - Unloading Domain: ApplicationName = 'MMoDemo', DomainId='2'
28008: 19:02:14.130 - CManagedHost::OnDomainUnload() - 2
27676: 19:02:14.136 - ~CCLRApplicationCollection() - Done. All objects released
27676: 19:02:14.136 - ~CManagedHost() - Release default app domain
27676: 19:02:14.136 - CManagedHost::OnDomainUnload() - 1
27676: 19:02:14.136 - ~CManagedHost() - Waiting up to 10 seconds for CLR shutdown...
27676: 19:02:14.136 - ~CManagedHost
27676: 19:02:14.136 - Destroying ENet thread pool
27676: 19:02:14.136 - Destroying Business logic thread pool
27676: 19:02:14.136 - Destroying I/O thread pool
27676: 19:02:14.136 - Destroying ENet buffer allocator
27676: 19:02:14.136 - Destroying TCP buffer allocator
27676: 19:02:14.136 - Destroying TCP socket allocator
27676: 19:02:14.136 - Destroying ENet inbound socket allocator
27676: 19:02:14.136 - Destroying ENet outbound socket allocator
27676: 19:02:14.136 - Destroying shared datagram flow control data
27676: 19:02:14.136 - Shutdown complete...
27676: 19:02:14.137 - Service shutting down
27676: 19:02:14.139 - Service shut down complete
