25516: 21:28:41.625 - ---
25516: 21:28:41.625 - Service: "Photon Socket Server" starting
25516: 21:28:41.625 - Config File: D:\Program Files (x86)\photon\Photon-OnPremise-Server-SDK_v4-0-29-11263\deploy\bin_Win64\PhotonServer.config
25516: 21:28:41.627 - Will produce at most: 10 crash dumps
25516: 21:28:41.627 - Service shutting down
25516: 21:28:41.629 - Service shut down complete
12256: 21:30:44.920 - ---
12256: 21:30:44.920 - Service: "Photon Socket Server" starting
12256: 21:30:44.921 - Config File: D:\Program Files (x86)\photon\Photon-OnPremise-Server-SDK_v4-0-29-11263\deploy\bin_Win64\PhotonServer.config
12256: 21:30:44.922 - Will produce at most: 10 crash dumps
12256: 21:30:44.922 - Service shutting down
12256: 21:30:44.925 - Service shut down complete
27912: 22:15:27.634 - ---
27912: 22:15:27.634 - Service: "Photon Socket Server" starting
27912: 22:15:27.635 - Config File: D:\Program Files (x86)\photon\Photon-OnPremise-Server-SDK_v4-0-29-11263\deploy\bin_Win64\PhotonServer.config
27912: 22:15:27.636 - Will produce at most: 10 crash dumps
27912: 22:15:27.636 - Service shutting down
27912: 22:15:27.640 - Service shut down complete
27228: 22:32:45.085 - ---
27228: 22:32:45.085 - Service: "Photon Socket Server" starting
27228: 22:32:45.085 - Config File: D:\Program Files (x86)\photon\Photon-OnPremise-Server-SDK_v4-0-29-11263\deploy\bin_Win64\PhotonServer.config
27228: 22:32:45.087 - Will produce at most: 10 crash dumps
27228: 22:32:45.087 - Service shutting down
27228: 22:32:45.090 - Service shut down complete
11860: 22:38:02.078 - ---
11860: 22:38:02.078 - Service: "Photon Socket Server" starting
11860: 22:38:02.079 - Config File: D:\Program Files (x86)\photon\Photon-OnPremise-Server-SDK_v4-0-29-11263\deploy\bin_Win64\PhotonServer.config
11860: 22:38:02.080 - Will produce at most: 10 crash dumps
11860: 22:38:02.080 - Service shutting down
11860: 22:38:02.082 - Service shut down complete
27916: 22:48:42.651 - ---
27916: 22:48:42.651 - Service: "Photon Socket Server" starting
27916: 22:48:42.651 - Config File: D:\Program Files (x86)\photon\Photon-OnPremise-Server-SDK_v4-0-29-11263\deploy\bin_Win64\PhotonServer.config
27916: 22:48:42.652 - Will produce at most: 10 crash dumps
27916: 22:48:42.652 - Service shutting down
27916: 22:48:42.656 - Service shut down complete
