22112: 00:28:14.712 - Service is stopped...
22112: 00:28:14.712 - Server shutting down...
22112: 00:28:14.712 - Shutdown monitoring enabled, 30000ms before process abort
22112: 00:28:14.713 - Notifying CLR applications of shutdown...
22112: 00:28:14.713 - RequestApplicationStop: 2
22112: 00:28:14.723 - RequestStop: defalt app domain
22112: 00:28:14.741 - Shutting down WebSocket Outbound Connection Manager...
22112: 00:28:14.741 - Shutting down TCP Outbound Connection Manager...
22112: 00:28:14.741 - Shutting down ENet Outbound Connection Manager...
22112: 00:28:14.741 - Disconnecting all outbound peers...
22112: 00:28:14.741 - Shutting down ENet host...
22112: 00:28:14.741 - Disconnecting all peers...
22112: 00:28:14.741 - Shutting down socket servers...
22112: 00:28:14.741 - Shutting down ENet thread pool...
22112: 00:28:14.741 - Shutting down TCP inactivity timers...
22112: 00:28:14.742 - WaitingForShutdownToComplete: TCP:0.0.0.0:4530
22112: 00:28:14.742 - OnShutdownCompleted: TCP:0.0.0.0:4530
22112: 00:28:14.742 - WaitingForShutdownToComplete: UDP:127.0.0.1:5055
22112: 00:28:14.742 - OnShutdownCompleted: UDP:127.0.0.1:5055
22112: 00:28:14.742 - WaitingForShutdownToComplete: UDP:192.168.31.156:5055
22112: 00:28:14.742 - OnShutdownCompleted: UDP:192.168.31.156:5055
22112: 00:28:14.742 - Shutting down CLR applications...
22112: 00:28:14.744 - Shutting down business logic thread pool...
22428: 00:28:14.745 - CManagedHost::OnDefaultAction() - OPR_AppDomainUnload - eUnloadAppDomain
22112: 00:28:14.745 - Shutting down I/O thread pool...
22112: 00:28:14.745 - Destroying servers
22112: 00:28:14.745 - Destroying WebSocket Outbound Connection Manager
22112: 00:28:14.745 - Destroying TCP Outbound Connection Manager
22112: 00:28:14.745 - Destroying TCP inactivity timer
22112: 00:28:14.745 - Destroying ENet timer wheel
22112: 00:28:14.745 - Destroying ENet host
22112: 00:28:14.745 - Destroying ENet outbound host
22112: 00:28:14.745 - Destroying HTTP inactivity timer
22112: 00:28:14.745 - Destroying HTTP host
22112: 00:28:14.745 - Destroying HTTP Chunk host
22112: 00:28:14.745 - Flushing ENET buffer allocator...
22112: 00:28:14.746 - Flushing TCP buffer handle allocator...
22112: 00:28:14.746 - Flushing stream socket allocator...
22112: 00:28:14.747 - Flushing inbound datagram socket allocator...
22112: 00:28:14.748 - Flushing outbound datagram socket allocator...
22112: 00:28:14.748 - Destroying CLR dispatcher
22112: 00:28:14.748 - Destroying CLR applications
22112: 00:28:14.749 - ~CCLRApplicationCollection() - Waiting up to 10 seconds for the CLR to release all of our objects
22420: 00:28:14.752 - Unloading Domain: ApplicationName = 'MyGame6', DomainId='2'
22428: 00:28:14.752 - CManagedHost::OnDomainUnload() - 2
22112: 00:28:14.766 - ~CCLRApplicationCollection() - Done. All objects released
22112: 00:28:14.767 - ~CManagedHost() - Release default app domain
22112: 00:28:14.767 - CManagedHost::OnDomainUnload() - 1
22112: 00:28:14.767 - ~CManagedHost() - Waiting up to 10 seconds for CLR shutdown...
22112: 00:28:14.767 - ~CManagedHost
22112: 00:28:14.767 - Destroying ENet thread pool
22112: 00:28:14.767 - Destroying Business logic thread pool
22112: 00:28:14.767 - Destroying I/O thread pool
22112: 00:28:14.767 - Destroying ENet buffer allocator
22112: 00:28:14.767 - Destroying TCP buffer allocator
22112: 00:28:14.767 - Destroying TCP socket allocator
22112: 00:28:14.768 - Destroying ENet inbound socket allocator
22112: 00:28:14.768 - Destroying ENet outbound socket allocator
22112: 00:28:14.768 - Destroying shared datagram flow control data
22112: 00:28:14.768 - Shutdown complete...
22112: 00:28:14.768 - Service shutting down
22112: 00:28:14.773 - Service shut down complete
