22968: 16:23:04.107 - ---
22968: 16:23:04.107 - Service: "Photon Socket Server" starting
22968: 16:23:04.107 - Config File: D:\Program Files (x86)\photon\Photon-OnPremise-Server-SDK_v4-0-29-11263\deploy\bin_Win64\PhotonServer.config
22968: 16:23:04.109 - Will produce at most: 10 crash dumps
22968: 16:23:04.109 - Action: run as exe
22968: 16:23:04.110 - Server Starting...
22968: 16:23:04.110 -    Tick count: 16686062 (wraps in: 49.5171 days)
22968: 16:23:04.110 - Tick count 64: 16686062
22968: 16:23:04.110 - Photon Version: 4.0.28.2962
22968: 16:23:04.110 - PID: 20156
22968: 16:23:04.110 - Config File: D:\Program Files (x86)\photon\Photon-OnPremise-Server-SDK_v4-0-29-11263\deploy\bin_Win64\PhotonServer.config
22968: 16:23:04.110 - Will NOT log unimportant exceptions
22968: 16:23:04.113 - Not using performance counters as they are not currently installed. Run the service with /InstallCounters to install them.
22968: 16:23:04.113 - Shutdown timeout enabled: 30000ms
22968: 16:23:04.114 - Starting I/O thread pool with 2 threads
22968: 16:23:04.114 - Using Standard allocator
22968: 16:23:04.114 - Max message size: 512000
22968: 16:23:04.114 - Starting business logic thread pool with the following settings
22968: 16:23:04.114 - InitialThreads: 4 threads
22968: 16:23:04.114 - MinThreads: 4 threads
22968: 16:23:04.114 - Thread pool is fixed size
22968: 16:23:04.114 - Starting ENet thread pool with the following settings
22968: 16:23:04.114 - InitialThreads: 2 threads
22968: 16:23:04.114 - MinThreads: 2 threads
22968: 16:23:04.114 - Thread pool is fixed size
22968: 16:23:04.114 - OnlyDispatchTimers: False
22968: 16:23:04.114 - S2S: flow control: Max pending writes: 50
22968: 16:23:04.114 - S2S: flow control: Max queued buffers: 200
22968: 16:23:04.114 - S2S: flow control: Max pending writes MUX: 500
22968: 16:23:04.114 - S2S: flow control: Max queued buffers MUX: 2000
22968: 16:23:04.114 - S2S: MaxInboundMessageSize: 512000
22968: 16:23:04.114 - S2S: MaxOutboundMessageSize: 512000
22968: 16:23:04.114 - S2S: No inactivity timeout
22968: 16:23:04.122 - Cannot enable FILE_SKIP_COMPLETION_PORT_ON_SUCCESS as "ierd_tgp_lsp64 over [MSAFD Tcpip [TCP/IP]]" does not support XP1_IFS_HANDLES. ServiceFlags1 = 0x66
22968: 16:23:04.122 - Cannot enable FILE_SKIP_COMPLETION_PORT_ON_SUCCESS as "ierd_tgp_lsp64 over [MSAFD Tcpip [TCP/IP]]" does not support XP1_IFS_HANDLES. ServiceFlags1 = 0x66
22968: 16:23:04.122 - WebSocket S2S: MaxInboundMessageSize: 512000
22968: 16:23:04.122 - WebSocket S2S: MaxOutboundMessageSize: 512000
22968: 16:23:04.122 - WebSocket S2S: No inactivity timeout
22968: 16:23:04.122 - Cannot enable FILE_SKIP_COMPLETION_PORT_ON_SUCCESS as "ierd_tgp_lsp64 over [MSAFD Tcpip [TCP/IP]]" does not support XP1_IFS_HANDLES. ServiceFlags1 = 0x66
22968: 16:23:04.122 - Max Reliable Data In Transit (awaiting ACKs) per peer : 51200 bytes
22968: 16:23:04.122 - Per peer bandwidth limit
22968: 16:23:04.122 - Transmit Rate Limit: 256 KB/Sec
22968: 16:23:04.122 - Limit period: 200ms
22968: 16:23:04.122 - Limit per period: 52428 bytes
22968: 16:23:04.122 - Max queued data for transmission per peer: 512000 bytes
22968: 16:23:04.122 - Minimum retransmit timeout: 200
22968: 16:23:04.122 - No Maximum retransmit timeout
22968: 16:23:04.122 - Minimum ENet timeout: 5000ms
22968: 16:23:04.122 - Maximum ENet timeout: 30000ms
22968: 16:23:04.122 - Max Inbound Reliable Data Queued (awaiting resends of earlier sequence numbers) per peer : 163840 bytes
22968: 16:23:04.122 - No RTT ACK adjustment timeout
22968: 16:23:04.122 - Outbound ENet: MaxInboundMessageSize: 512000
22968: 16:23:04.123 - Outbound ENet: MaxOutboundMessageSize: 512000
22968: 16:23:04.123 - Cannot enable FILE_SKIP_COMPLETION_PORT_ON_SUCCESS as "ierd_tgp_lsp64 over [MSAFD Tcpip [TCP/IP]]" does not support XP1_IFS_HANDLES. ServiceFlags1 = 0x66
22968: 16:23:04.138 - GetRuntime - About to load CLR - versions available:
22968: 16:23:04.138 - v2.0.50727
22968: 16:23:04.138 - v4.0.30319
22968: 16:23:04.139 - Configuration requests: "v2.0.50727"
22968: 16:23:04.139 - About to load version: "v2.0.50727"
22968: 16:23:04.222 - About to load runtime: PhotonHostRuntime.PhotonDomainManager from PhotonHostRuntime, Culture=neutral, PublicKeyToken=02C301B61B060C4D
22968: 16:23:04.222 - CLRBaseDirectory set to "D:\Program Files (x86)\photon\Photon-OnPremise-Server-SDK_v4-0-29-11263\deploy"
22968: 16:23:04.222 - Optimising event broadcast for 20 or more peers
22968: 16:23:04.223 - Start: About to load CLR - versions available:
22968: 16:23:04.223 - v2.0.50727
22968: 16:23:04.223 - v4.0.30319
22968: 16:23:04.223 - No preference in configuration file, will load latest.
22968: 16:23:04.223 - About to load version: "v4.0.30319"
22968: 16:23:04.225 - Loaded version: "v4.0.30319"
22968: 16:23:04.503 - Photon host runtime loaded
22968: 16:23:15.108 - License is valid.
22968: 16:23:15.108 - Licensed for 100 concurrent connections.
22968: 16:23:15.108 - ENet: Max Reliable Data In Transit (awaiting ACKs) per peer : 51200 bytes
22968: 16:23:15.108 - ENet: Per peer bandwidth limit
22968: 16:23:15.108 - ENet: Transmit Rate Limit: 256 KB/Sec
22968: 16:23:15.108 - ENet: Limit period: 200ms
22968: 16:23:15.108 - ENet: Limit per period: 52428 bytes
22968: 16:23:15.108 - ENet: Max queued data for transmission per peer: 512000 bytes
22968: 16:23:15.108 - ENet: Minimum retransmit timeout: 200
22968: 16:23:15.108 - No Maximum retransmit timeout
22968: 16:23:15.108 - ENet: Minimum timeout: 5000ms
22968: 16:23:15.108 - ENet: Maximum timeout: 30000ms
22968: 16:23:15.108 - ENet: Max Inbound Reliable Data Queued (awaiting resends of earlier sequence numbers) per peer : 163840 bytes
22968: 16:23:15.108 - No RTT ACK adjustment timeout
22968: 16:23:15.108 - About to load application: MMoDemo from Photon.MmoDemo.Server
22968: 16:23:15.108 - Auto restart is enabled for application, existing connections will be terminated during restart
22968: 16:23:15.108 - Application will restart 1000ms after the last change detected
22968: 16:23:15.108 - Application will restart if files matching the following are changed: "dll;config"
22968: 16:23:15.108 - Application will NOT restart if files matching the following are changed: "log4net.config"
22968: 16:23:15.273 - Taking reference on default app domain
22968: 16:23:15.415 - Application: "MMoDemo" started in app domain: 2
22968: 16:23:15.415 - About to load application: CounterPublisher from CounterPublisher
22968: 16:23:15.415 - Auto restart is enabled for application, existing connections will be terminated during restart
22968: 16:23:15.415 - Application will restart 1000ms after the last change detected
22968: 16:23:15.415 - Application will restart if files matching the following are changed: "dll;config"
22968: 16:23:15.415 - Application will NOT restart if files matching the following are changed: "log4net.config"
22968: 16:23:15.541 - Taking reference on default app domain
22968: 16:23:15.663 - Application: "CounterPublisher" started in app domain: 3
22968: 16:23:15.664 - Adding TCP listener on: 0.0.0.0: 4530 with a listen backlog of: 150
22968: 16:23:15.664 - TCP inactivity timeout: 10000ms
22968: 16:23:15.664 - TCP disconnect timeout: 120000ms
22968: 16:23:15.664 - MaxInboundMessageSize: 512000
22968: 16:23:15.664 - MaxOutboundMessageSize: 512000
22968: 16:23:15.664 - Forcing all applications ids to: "MMoDemo"
22968: 16:23:15.664 - Serving policy file requests from: "D:\Program Files (x86)\photon\Photon-OnPremise-Server-SDK_v4-0-29-11263\deploy\Policy\assets\socket-policy.xml"
22968: 16:23:15.664 - Cannot enable FILE_SKIP_COMPLETION_PORT_ON_SUCCESS as "ierd_tgp_lsp64 over [MSAFD Tcpip [TCP/IP]]" does not support XP1_IFS_HANDLES. ServiceFlags1 = 0x66
22968: 16:23:15.664 - Forcing all applications ids to: "MMoDemo"
22968: 16:23:15.664 - MaxInboundMessageSize: 512000
22968: 16:23:15.664 - MaxOutboundMessageSize: 512000
22968: 16:23:15.664 - UDP address specified as: "0.0.0.0" adding listener to each available IPv4 address
22968: 16:23:15.666 - Adding UDP listener on: 192.168.31.156: 5055 with a listen backlog of: 500
22968: 16:23:15.666 - Cannot enable FILE_SKIP_COMPLETION_PORT_ON_SUCCESS as "ierd_tgp_lsp64 over [MSAFD Tcpip [TCP/IP]]" does not support XP1_IFS_HANDLES. ServiceFlags1 = 0x66
22968: 16:23:15.666 - Adding UDP listener on: 127.0.0.1: 5055 with a listen backlog of: 500
22968: 16:23:15.666 - Cannot enable FILE_SKIP_COMPLETION_PORT_ON_SUCCESS as "ierd_tgp_lsp64 over [MSAFD Tcpip [TCP/IP]]" does not support XP1_IFS_HANDLES. ServiceFlags1 = 0x66
22968: 16:23:15.666 - Adding WebSocket TCP listener on: 0.0.0.0: 9090 with a listen backlog of: 150
22968: 16:23:15.666 - Nagle disabled
22968: 16:23:15.666 - TCP inactivity timeout: 10000ms
22968: 16:23:15.666 - MaxInboundMessageSize: 512000
22968: 16:23:15.666 - MaxOutboundMessageSize: 512000
22968: 16:23:15.666 - Forcing all applications ids to: "MMoDemo"
22968: 16:23:15.666 - Will accept ANY sub-protocols from the client
22968: 16:23:15.666 - No automatic WebSocket ping
22968: 16:23:15.666 - Cannot enable FILE_SKIP_COMPLETION_PORT_ON_SUCCESS as "ierd_tgp_lsp64 over [MSAFD Tcpip [TCP/IP]]" does not support XP1_IFS_HANDLES. ServiceFlags1 = 0x66
22968: 16:23:15.666 - Adding Policy File listener on: 0.0.0.0: 843 with a listen backlog of: 150 and serving Policy File: "D:\Program Files (x86)\photon\Photon-OnPremise-Server-SDK_v4-0-29-11263\deploy\Policy\assets\socket-policy.xml"
22968: 16:23:15.666 - TCP inactivity timeout: 10000ms
22968: 16:23:15.666 - Cannot enable FILE_SKIP_COMPLETION_PORT_ON_SUCCESS as "ierd_tgp_lsp64 over [MSAFD Tcpip [TCP/IP]]" does not support XP1_IFS_HANDLES. ServiceFlags1 = 0x66
22968: 16:23:15.666 - Adding Policy File listener on: 0.0.0.0: 943 with a listen backlog of: 150 and serving Policy File: "D:\Program Files (x86)\photon\Photon-OnPremise-Server-SDK_v4-0-29-11263\deploy\Policy\assets\socket-policy-silverlight.xml"
22968: 16:23:15.666 - TCP inactivity timeout: 10000ms
22968: 16:23:15.666 - Cannot enable FILE_SKIP_COMPLETION_PORT_ON_SUCCESS as "ierd_tgp_lsp64 over [MSAFD Tcpip [TCP/IP]]" does not support XP1_IFS_HANDLES. ServiceFlags1 = 0x66
22968: 16:23:16.078 - Service is running...
