14092: 00:09:44.879 - ---
14092: 00:09:44.879 - Service: "Photon Socket Server" starting
14092: 00:09:44.879 - Config File: F:\王者2018\KingGloryS11\s11录制文件\Photon-OnPremise-Server-SDK_v4-0-29-11263\deploy\bin_Win64\PhotonServer.config
14092: 00:09:44.882 - Will produce at most: 10 crash dumps
14092: 00:09:44.882 - Service shutting down
14092: 00:09:44.884 - Service shut down complete
15184: 00:09:50.684 - ---
15184: 00:09:50.684 - Service: "Photon Socket Server" starting
15184: 00:09:50.684 - Config File: F:\王者2018\KingGloryS11\s11录制文件\Photon-OnPremise-Server-SDK_v4-0-29-11263\deploy\bin_Win64\PhotonServer.config
15184: 00:09:50.687 - Will produce at most: 10 crash dumps
15184: 00:09:50.687 - Service shutting down
15184: 00:09:50.692 - Service shut down complete
24584: 00:09:56.195 - ---
24584: 00:09:56.195 - Service: "Photon Socket Server" starting
24584: 00:09:56.196 - Config File: F:\王者2018\KingGloryS11\s11录制文件\Photon-OnPremise-Server-SDK_v4-0-29-11263\deploy\bin_Win64\PhotonServer.config
24584: 00:09:56.198 - Will produce at most: 10 crash dumps
24584: 00:09:56.198 - Service shutting down
24584: 00:09:56.202 - Service shut down complete
23588: 00:44:09.651 - ---
23588: 00:44:09.651 - Service: "Photon Socket Server" starting
23588: 00:44:09.651 - Config File: F:\王者2018\KingGloryS11\s11录制文件\Photon-OnPremise-Server-SDK_v4-0-29-11263\deploy\bin_Win64\PhotonServer.config
23588: 00:44:09.654 - Will produce at most: 10 crash dumps
23588: 00:44:09.654 - Service shutting down
23588: 00:44:09.660 - Service shut down complete
16708: 01:40:03.303 - ---
16708: 01:40:03.303 - Service: "Photon Socket Server" starting
16708: 01:40:03.303 - Config File: F:\王者2018\KingGloryS11\s11录制文件\Photon-OnPremise-Server-SDK_v4-0-29-11263\deploy\bin_Win64\PhotonServer.config
16708: 01:40:03.306 - Will produce at most: 10 crash dumps
16708: 01:40:03.306 - Service shutting down
16708: 01:40:03.308 - Service shut down complete
16556: 02:10:09.964 - ---
16556: 02:10:09.964 - Service: "Photon Socket Server" starting
16556: 02:10:09.964 - Config File: F:\王者2018\KingGloryS11\s11录制文件\Photon-OnPremise-Server-SDK_v4-0-29-11263\deploy\bin_Win64\PhotonServer.config
16556: 02:10:09.967 - Will produce at most: 10 crash dumps
16556: 02:10:09.967 - Service shutting down
16556: 02:10:09.972 - Service shut down complete
16288: 02:13:45.107 - ---
16288: 02:13:45.108 - Service: "Photon Socket Server" starting
16288: 02:13:45.108 - Config File: F:\王者2018\KingGloryS11\s11录制文件\Photon-OnPremise-Server-SDK_v4-0-29-11263\deploy\bin_Win64\PhotonServer.config
16288: 02:13:45.110 - Will produce at most: 10 crash dumps
16288: 02:13:45.110 - Service shutting down
16288: 02:13:45.115 - Service shut down complete
