24548: 19:02:14.093 - ---
24548: 19:02:14.093 - Service: "Photon Socket Server" starting
24548: 19:02:14.093 - Config File: D:\Program Files (x86)\photon\Photon-OnPremise-Server-SDK_v4-0-29-11263\deploy\bin_Win64\PhotonServer.config
24548: 19:02:14.095 - Will produce at most: 10 crash dumps
24548: 19:02:14.095 - Service shutting down
24548: 19:02:14.096 - Service shut down complete
24180: 19:10:30.686 - ---
24180: 19:10:30.686 - Service: "Photon Socket Server" starting
24180: 19:10:30.686 - Config File: D:\Program Files (x86)\photon\Photon-OnPremise-Server-SDK_v4-0-29-11263\deploy\bin_Win64\PhotonServer.config
24180: 19:10:30.687 - Will produce at most: 10 crash dumps
24180: 19:10:30.688 - MessageBox: Photon Socket Server - 4.0.28.2962

Usage: PhotonSocketServer.exe  Followed by the following command line options.
  /help		Display this list.
  /noMessages	Must be first. Do not display status messages.
  /install name	Installs an instance of the service named 'name'.
  /installCounters	Installs performance counters for this service.
  /remove name	Removes the instance of the service named 'name'.
  /removeCounters	Removes performance counters for this service.
  /run name   	Runs the service as a normal process for debugging.
  /stop         	Request all instances of Photon to shutdown and exit.
  /stop1 name	Request instance 'name' of Photon shutdown and exit.
  /configPath path	Use the supplied path to locate the config file.
  /config file	Use the supplied config file.

Note that /config and /configFile can be used with /install and /run

Note that only /noMessages can be combined with all other command line options.

24180: 19:10:47.453 - Service shutting down: commandline option error. Errorcode: 255
24180: 19:10:47.456 - Service shut down complete
