8444: 01:04:50.565 - ---
8444: 01:04:50.565 - Service: "Photon Socket Server" starting
8444: 01:04:50.566 - Config File: G:\BaiduYunDownload\第九季 如何做网络游戏\第九季 如何做网络游戏\第九季完成Photon-OnPremise-Server-SDK_v4-0-29-11263\Photon-OnPremise-Server-SDK_v4-0-29-11263\deploy\bin_Win64\PhotonServer.config
8444: 01:04:50.569 - Will produce at most: 10 crash dumps
8444: 01:04:50.569 - Action: run as exe
8444: 01:04:50.570 - Server Starting...
8444: 01:04:50.570 -    Tick count: 305992078 (wraps in: 46.1687 days)
8444: 01:04:50.570 - Tick count 64: 305992078
8444: 01:04:50.570 - Photon Version: 4.0.28.2962
8444: 01:04:50.570 - PID: 5240
8444: 01:04:50.570 - Config File: G:\BaiduYunDownload\第九季 如何做网络游戏\第九季 如何做网络游戏\第九季完成Photon-OnPremise-Server-SDK_v4-0-29-11263\Photon-OnPremise-Server-SDK_v4-0-29-11263\deploy\bin_Win64\PhotonServer.config
8444: 01:04:50.571 - Will NOT log unimportant exceptions
8444: 01:04:50.575 - Not using performance counters as they are not currently installed. Run the service with /InstallCounters to install them.
8444: 01:04:50.575 - Shutdown timeout enabled: 30000ms
8444: 01:04:50.575 - Starting I/O thread pool with 2 threads
8444: 01:04:50.576 - Using Standard allocator
8444: 01:04:50.576 - Max message size: 512000
8444: 01:04:50.576 - Starting business logic thread pool with the following settings
8444: 01:04:50.576 - InitialThreads: 4 threads
8444: 01:04:50.576 - MinThreads: 4 threads
8444: 01:04:50.576 - Thread pool is fixed size
8444: 01:04:50.576 - Starting ENet thread pool with the following settings
8444: 01:04:50.576 - InitialThreads: 2 threads
8444: 01:04:50.577 - MinThreads: 2 threads
8444: 01:04:50.577 - Thread pool is fixed size
8444: 01:04:50.577 - OnlyDispatchTimers: False
8444: 01:04:50.577 - S2S: flow control: Max pending writes: 50
8444: 01:04:50.577 - S2S: flow control: Max queued buffers: 200
8444: 01:04:50.577 - S2S: flow control: Max pending writes MUX: 500
8444: 01:04:50.577 - S2S: flow control: Max queued buffers MUX: 2000
8444: 01:04:50.577 - S2S: MaxInboundMessageSize: 512000
8444: 01:04:50.577 - S2S: MaxOutboundMessageSize: 512000
8444: 01:04:50.577 - S2S: No inactivity timeout
8444: 01:04:50.584 - Cannot enable FILE_SKIP_COMPLETION_PORT_ON_SUCCESS as "ierd_tgp_lsp64 over [MSAFD Tcpip [TCP/IP]]" does not support XP1_IFS_HANDLES. ServiceFlags1 = 0x66
8444: 01:04:50.584 - Cannot enable FILE_SKIP_COMPLETION_PORT_ON_SUCCESS as "ierd_tgp_lsp64 over [MSAFD Tcpip [TCP/IP]]" does not support XP1_IFS_HANDLES. ServiceFlags1 = 0x66
8444: 01:04:50.584 - WebSocket S2S: MaxInboundMessageSize: 512000
8444: 01:04:50.584 - WebSocket S2S: MaxOutboundMessageSize: 512000
8444: 01:04:50.584 - WebSocket S2S: No inactivity timeout
8444: 01:04:50.584 - Cannot enable FILE_SKIP_COMPLETION_PORT_ON_SUCCESS as "ierd_tgp_lsp64 over [MSAFD Tcpip [TCP/IP]]" does not support XP1_IFS_HANDLES. ServiceFlags1 = 0x66
8444: 01:04:50.584 - Max Reliable Data In Transit (awaiting ACKs) per peer : 51200 bytes
8444: 01:04:50.584 - Per peer bandwidth limit
8444: 01:04:50.584 - Transmit Rate Limit: 256 KB/Sec
8444: 01:04:50.584 - Limit period: 200ms
8444: 01:04:50.584 - Limit per period: 52428 bytes
8444: 01:04:50.584 - Max queued data for transmission per peer: 512000 bytes
8444: 01:04:50.584 - Minimum retransmit timeout: 200
8444: 01:04:50.584 - No Maximum retransmit timeout
8444: 01:04:50.584 - Minimum ENet timeout: 5000ms
8444: 01:04:50.584 - Maximum ENet timeout: 30000ms
8444: 01:04:50.584 - Max Inbound Reliable Data Queued (awaiting resends of earlier sequence numbers) per peer : 163840 bytes
8444: 01:04:50.584 - No RTT ACK adjustment timeout
8444: 01:04:50.584 - Outbound ENet: MaxInboundMessageSize: 512000
8444: 01:04:50.584 - Outbound ENet: MaxOutboundMessageSize: 512000
8444: 01:04:50.584 - Cannot enable FILE_SKIP_COMPLETION_PORT_ON_SUCCESS as "ierd_tgp_lsp64 over [MSAFD Tcpip [TCP/IP]]" does not support XP1_IFS_HANDLES. ServiceFlags1 = 0x66
8444: 01:04:50.587 - GetRuntime - About to load CLR - versions available:
8444: 01:04:50.587 - v2.0.50727
8444: 01:04:50.587 - v4.0.30319
8444: 01:04:50.587 - Configuration requests: "v2.0.50727"
8444: 01:04:50.587 - About to load version: "v2.0.50727"
8444: 01:04:50.607 - About to load runtime: PhotonHostRuntime.PhotonDomainManager from PhotonHostRuntime, Culture=neutral, PublicKeyToken=02C301B61B060C4D
8444: 01:04:50.607 - CLRBaseDirectory set to "G:\BaiduYunDownload\第九季 如何做网络游戏\第九季 如何做网络游戏\第九季完成Photon-OnPremise-Server-SDK_v4-0-29-11263\Photon-OnPremise-Server-SDK_v4-0-29-11263\deploy"
8444: 01:04:50.607 - Optimising event broadcast for 20 or more peers
8444: 01:04:50.608 - Start: About to load CLR - versions available:
8444: 01:04:50.608 - v2.0.50727
8444: 01:04:50.608 - v4.0.30319
8444: 01:04:50.608 - No preference in configuration file, will load latest.
8444: 01:04:50.608 - About to load version: "v4.0.30319"
8444: 01:04:50.610 - Loaded version: "v4.0.30319"
8444: 01:04:50.770 - Photon host runtime loaded
8444: 01:04:52.509 - License is valid.
8444: 01:04:52.509 - Licensed for 100 concurrent connections.
8444: 01:04:52.509 - ENet: Max Reliable Data In Transit (awaiting ACKs) per peer : 51200 bytes
8444: 01:04:52.509 - ENet: Per peer bandwidth limit
8444: 01:04:52.509 - ENet: Transmit Rate Limit: 256 KB/Sec
8444: 01:04:52.509 - ENet: Limit period: 200ms
8444: 01:04:52.509 - ENet: Limit per period: 52428 bytes
8444: 01:04:52.509 - ENet: Max queued data for transmission per peer: 512000 bytes
8444: 01:04:52.509 - ENet: Minimum retransmit timeout: 200
8444: 01:04:52.509 - No Maximum retransmit timeout
8444: 01:04:52.509 - ENet: Minimum timeout: 5000ms
8444: 01:04:52.509 - ENet: Maximum timeout: 30000ms
8444: 01:04:52.509 - ENet: Max Inbound Reliable Data Queued (awaiting resends of earlier sequence numbers) per peer : 163840 bytes
8444: 01:04:52.509 - No RTT ACK adjustment timeout
8444: 01:04:52.509 - About to load application: MyGame6 from NNGameServer
8444: 01:04:52.509 - Auto restart is enabled for application, existing connections will be terminated during restart
8444: 01:04:52.509 - Application will restart 1000ms after the last change detected
8444: 01:04:52.509 - Application will restart if files matching the following are changed: "dll;config"
8444: 01:04:52.509 - Application will NOT restart if files matching the following are changed: "log4net.config"
8444: 01:04:52.572 - Taking reference on default app domain
8444: 01:04:52.613 - Application: "MyGame6" started in app domain: 2
8444: 01:04:52.613 - Adding TCP listener on: 0.0.0.0: 4530 with a listen backlog of: 150
8444: 01:04:52.613 - TCP inactivity timeout: 10000ms
8444: 01:04:52.613 - TCP disconnect timeout: 120000ms
8444: 01:04:52.613 - MaxInboundMessageSize: 512000
8444: 01:04:52.613 - MaxOutboundMessageSize: 512000
8444: 01:04:52.613 - Forcing all applications ids to: "MyGame6"
8444: 01:04:52.613 - Serving policy file requests from: "G:\BaiduYunDownload\第九季 如何做网络游戏\第九季 如何做网络游戏\第九季完成Photon-OnPremise-Server-SDK_v4-0-29-11263\Photon-OnPremise-Server-SDK_v4-0-29-11263\deploy\Policy\assets\socket-policy.xml"
8444: 01:04:52.613 - Cannot enable FILE_SKIP_COMPLETION_PORT_ON_SUCCESS as "ierd_tgp_lsp64 over [MSAFD Tcpip [TCP/IP]]" does not support XP1_IFS_HANDLES. ServiceFlags1 = 0x66
8444: 01:04:52.613 - Forcing all applications ids to: "MyGame6"
8444: 01:04:52.613 - MaxInboundMessageSize: 512000
8444: 01:04:52.613 - MaxOutboundMessageSize: 512000
8444: 01:04:52.613 - UDP address specified as: "0.0.0.0" adding listener to each available IPv4 address
8444: 01:04:52.614 - Adding UDP listener on: 192.168.1.102: 5055 with a listen backlog of: 500
8444: 01:04:52.614 - Cannot enable FILE_SKIP_COMPLETION_PORT_ON_SUCCESS as "ierd_tgp_lsp64 over [MSAFD Tcpip [TCP/IP]]" does not support XP1_IFS_HANDLES. ServiceFlags1 = 0x66
8444: 01:04:52.614 - Adding UDP listener on: 127.0.0.1: 5055 with a listen backlog of: 500
8444: 01:04:52.614 - Cannot enable FILE_SKIP_COMPLETION_PORT_ON_SUCCESS as "ierd_tgp_lsp64 over [MSAFD Tcpip [TCP/IP]]" does not support XP1_IFS_HANDLES. ServiceFlags1 = 0x66
8444: 01:04:52.679 - Service is running...
