27404: 02:00:23.614 - Service is stopped...
27404: 02:00:23.620 - Server shutting down...
27404: 02:00:23.620 - Shutdown monitoring enabled, 30000ms before process abort
27404: 02:00:23.620 - Notifying CLR applications of shutdown...
27404: 02:00:23.620 - RequestApplicationStop: 2
27404: 02:00:23.630 - RequestStop: defalt app domain
27404: 02:00:23.675 - Shutting down WebSocket Outbound Connection Manager...
27404: 02:00:23.675 - Shutting down TCP Outbound Connection Manager...
27404: 02:00:23.675 - Shutting down ENet Outbound Connection Manager...
27404: 02:00:23.675 - Disconnecting all outbound peers...
27404: 02:00:23.675 - Shutting down ENet host...
27404: 02:00:23.675 - Disconnecting all peers...
27404: 02:00:23.675 - Shutting down socket servers...
27404: 02:00:23.675 - Shutting down ENet thread pool...
27404: 02:00:23.675 - Shutting down TCP inactivity timers...
27404: 02:00:23.675 - WaitingForShutdownToComplete: TCP:0.0.0.0:4530
27404: 02:00:23.675 - OnShutdownCompleted: TCP:0.0.0.0:4530
27404: 02:00:23.675 - WaitingForShutdownToComplete: UDP:127.0.0.1:5055
27404: 02:00:23.675 - OnShutdownCompleted: UDP:127.0.0.1:5055
27404: 02:00:23.675 - WaitingForShutdownToComplete: UDP:192.168.31.156:5055
27404: 02:00:23.675 - OnShutdownCompleted: UDP:192.168.31.156:5055
27404: 02:00:23.675 - Shutting down CLR applications...
27404: 02:00:23.677 - Shutting down business logic thread pool...
27404: 02:00:23.677 - Shutting down I/O thread pool...
27404: 02:00:23.678 - Destroying servers
27404: 02:00:23.678 - Destroying WebSocket Outbound Connection Manager
27404: 02:00:23.678 - Destroying TCP Outbound Connection Manager
2660: 02:00:23.678 - CManagedHost::OnDefaultAction() - OPR_AppDomainUnload - eUnloadAppDomain
27404: 02:00:23.678 - Destroying TCP inactivity timer
27404: 02:00:23.678 - Destroying ENet timer wheel
27404: 02:00:23.678 - Destroying ENet host
27404: 02:00:23.678 - Destroying ENet outbound host
27404: 02:00:23.678 - Destroying HTTP inactivity timer
27404: 02:00:23.678 - Destroying HTTP host
27404: 02:00:23.678 - Destroying HTTP Chunk host
27404: 02:00:23.678 - Flushing ENET buffer allocator...
27404: 02:00:23.679 - Flushing TCP buffer handle allocator...
27404: 02:00:23.679 - Flushing stream socket allocator...
27404: 02:00:23.679 - Flushing inbound datagram socket allocator...
27404: 02:00:23.681 - Flushing outbound datagram socket allocator...
27404: 02:00:23.681 - Destroying CLR dispatcher
27404: 02:00:23.681 - Destroying CLR applications
27404: 02:00:23.681 - ~CCLRApplicationCollection() - Waiting up to 10 seconds for the CLR to release all of our objects
7996: 02:00:23.689 - Unloading Domain: ApplicationName = 'MyGame6', DomainId='2'
2660: 02:00:23.689 - CManagedHost::OnDomainUnload() - 2
27404: 02:00:23.698 - ~CCLRApplicationCollection() - Done. All objects released
27404: 02:00:23.698 - ~CManagedHost() - Release default app domain
27404: 02:00:23.698 - CManagedHost::OnDomainUnload() - 1
27404: 02:00:23.698 - ~CManagedHost() - Waiting up to 10 seconds for CLR shutdown...
27404: 02:00:23.698 - ~CManagedHost
27404: 02:00:23.698 - Destroying ENet thread pool
27404: 02:00:23.698 - Destroying Business logic thread pool
27404: 02:00:23.698 - Destroying I/O thread pool
27404: 02:00:23.698 - Destroying ENet buffer allocator
27404: 02:00:23.698 - Destroying TCP buffer allocator
27404: 02:00:23.698 - Destroying TCP socket allocator
27404: 02:00:23.698 - Destroying ENet inbound socket allocator
27404: 02:00:23.698 - Destroying ENet outbound socket allocator
27404: 02:00:23.698 - Destroying shared datagram flow control data
27404: 02:00:23.698 - Shutdown complete...
27404: 02:00:23.699 - Service shutting down
27404: 02:00:23.700 - Service shut down complete
