2018-05-12 19:02:03,808 [1] INFO  Photon.SocketServer.ApplicationBase - Application start: AppId=CounterPublisher; AppPath=D:\Program Files (x86)\photon\Photon-OnPremise-Server-SDK_v4-0-29-11263\deploy\CounterPublisher, Type=Photon.CounterPublisher.Application 
2018-05-12 19:02:03,843 [1] INFO  Photon.SocketServer.Diagnostics.CounterPublisher - CounterPublisher started publishing ExitGames.Diagnostics.Monitoring.CounterSamplePublisher to ExitGames.Diagnostics.Monitoring.CounterSampleSender
2018-05-12 19:02:14,088 [1] INFO  Photon.SocketServer.ApplicationBase - Application is stopping: AppId=CounterPublisher
2018-05-12 19:02:14,094 [1] INFO  Photon.SocketServer.ApplicationBase - Application stop: AppId=CounterPublisher
2018-06-24 16:23:18,224 [1] INFO  Photon.SocketServer.ApplicationBase - Application start: AppId=CounterPublisher; AppPath=D:\Program Files (x86)\photon\Photon-OnPremise-Server-SDK_v4-0-29-11263\deploy\CounterPublisher, Type=Photon.CounterPublisher.Application 
2018-06-24 16:23:18,261 [1] INFO  Photon.SocketServer.Diagnostics.CounterPublisher - CounterPublisher started publishing ExitGames.Diagnostics.Monitoring.CounterSamplePublisher to ExitGames.Diagnostics.Monitoring.CounterSampleSender
2018-07-01 19:20:38,378 [1] INFO  Photon.SocketServer.ApplicationBase - Application start: AppId=CounterPublisher; AppPath=D:\Program Files (x86)\photon\Photon-OnPremise-Server-SDK_v4-0-29-11263\deploy\CounterPublisher, Type=Photon.CounterPublisher.Application 
2018-07-01 19:20:38,414 [1] INFO  Photon.SocketServer.Diagnostics.CounterPublisher - CounterPublisher started publishing ExitGames.Diagnostics.Monitoring.CounterSamplePublisher to ExitGames.Diagnostics.Monitoring.CounterSampleSender
2018-07-01 22:53:27,748 [1] INFO  Photon.SocketServer.ApplicationBase - Application is stopping: AppId=CounterPublisher
2018-07-01 22:53:27,754 [1] INFO  Photon.SocketServer.ApplicationBase - Application stop: AppId=CounterPublisher
2018-07-23 19:56:43,673 [1] INFO  Photon.SocketServer.ApplicationBase - Application start: AppId=CounterPublisher; AppPath=D:\Program Files (x86)\photon\Photon-OnPremise-Server-SDK_v4-0-29-11263\deploy\CounterPublisher, Type=Photon.CounterPublisher.Application 
2018-07-23 19:56:43,711 [1] INFO  Photon.SocketServer.Diagnostics.CounterPublisher - CounterPublisher started publishing ExitGames.Diagnostics.Monitoring.CounterSamplePublisher to ExitGames.Diagnostics.Monitoring.CounterSampleSender
2018-07-23 19:56:51,385 [1] INFO  Photon.SocketServer.ApplicationBase - Application is stopping: AppId=CounterPublisher
2018-07-23 19:56:51,407 [1] INFO  Photon.SocketServer.ApplicationBase - Application stop: AppId=CounterPublisher
2018-07-23 20:37:37,132 [1] INFO  Photon.SocketServer.ApplicationBase - Application start: AppId=CounterPublisher; AppPath=D:\Program Files (x86)\photon\Photon-OnPremise-Server-SDK_v4-0-29-11263\deploy\CounterPublisher, Type=Photon.CounterPublisher.Application 
2018-07-23 20:37:37,161 [1] INFO  Photon.SocketServer.Diagnostics.CounterPublisher - CounterPublisher started publishing ExitGames.Diagnostics.Monitoring.CounterSamplePublisher to ExitGames.Diagnostics.Monitoring.CounterSampleSender
2018-07-23 20:38:45,913 [1] INFO  Photon.SocketServer.ApplicationBase - Application is stopping: AppId=CounterPublisher
2018-07-23 20:38:45,927 [1] INFO  Photon.SocketServer.ApplicationBase - Application stop: AppId=CounterPublisher
2018-09-06 00:09:57,165 [1] INFO  Photon.SocketServer.ApplicationBase - Application start: AppId=CounterPublisher; AppPath=F:\王者2018\KingGloryS11\s11录制文件\Photon-OnPremise-Server-SDK_v4-0-29-11263\deploy\CounterPublisher, Type=Photon.CounterPublisher.Application 
2018-09-06 00:09:57,212 [1] INFO  Photon.SocketServer.Diagnostics.CounterPublisher - CounterPublisher started publishing ExitGames.Diagnostics.Monitoring.CounterSamplePublisher to ExitGames.Diagnostics.Monitoring.CounterSampleSender
2018-09-06 00:10:01,768 [1] INFO  Photon.SocketServer.ApplicationBase - Application is stopping: AppId=CounterPublisher
2018-09-06 00:10:01,835 [1] INFO  Photon.SocketServer.ApplicationBase - Application stop: AppId=CounterPublisher
